<?xml version="1.0" encoding="UTF-8"?>
<testsuites name="New Test Suite" time="476.592" tests="1" failures="0" errors="0">
   <testsuite name="New Test Suite" tests="1" failures="0" errors="0" time="476.592" skipped="0" timestamp="2022-07-20 09:38:27" hostname="nhu.tqnguyen - 192.168.1.3" id="Test Suites/New Test Suite">
      <properties>
[...]
</properties>
      <testcase name="Test Cases/An Event Apart Website/AEA02_Register Now" time="476.213" classname="Test Cases/An Event Apart Website/AEA02_Register Now" status="PASSED">
         <system-out><![CDATA[2022-07-20 09:38:28 - [TEST_CASE][PASSED] - Test Cases/An Event Apart Website/AEA02_Register Now: Test Cases/An Event Apart Website/AEA02_Register Now

2022-07-20 09:38:28 - [TEST_STEP][PASSED] - Start listener action : sampleBeforeTestCase: Browser is opened with url: 'http://demoaut.katalon.com'

2022-07-20 09:38:28 - [TEST_STEP][PASSED] - openBrowser(G_SiteURL): Browser is opened with url: 'http://demoaut.katalon.com'

2022-07-20 09:38:28 - [MESSAGE][INFO] - User set preference: ['os', 'ios']

2022-07-20 09:38:28 - [MESSAGE][INFO] - User set preference: ['browserName', 'safari']

2022-07-20 09:38:28 - [MESSAGE][INFO] - User set preference: ['browserVersion', 'latest']

2022-07-20 09:38:28 - [MESSAGE][INFO] - User set preference: ['katalon:option', '{organizationId=701936, tunnelId=, usingTunnel=false}']

2022-07-20 09:38:28 - [MESSAGE][INFO] - Connecting to remote web server 'testcloud.katalon.com/hub' with type 'Selenium'

2022-07-20 09:38:28 - [MESSAGE][INFO] - Action delay is set to 0 milliseconds

2022-07-20 09:39:42 - [MESSAGE][PASSED] - Browser is opened with url: 'http://demoaut.katalon.com'

2022-07-20 09:39:43 - [TEST_STEP][PASSED] - navigateToUrl("https://aneventapart.com/"): Navigate to 'https://aneventapart.com/' successfully

2022-07-20 09:39:46 - [MESSAGE][PASSED] - Navigate to 'https://aneventapart.com/' successfully

2022-07-20 09:39:46 - [TEST_STEP][PASSED] - click(findTestObject("Object Repository/An Event Apart/Page_An Event Apart - the premier web  inte_f2ce13/label_Menu")): Object: 'Object Repository/An Event Apart/Page_An Event Apart - the premier web  inte_f2ce13/label_Menu' is clicked on

2022-07-20 09:39:52 - [MESSAGE][PASSED] - Object: 'Object Repository/An Event Apart/Page_An Event Apart - the premier web  inte_f2ce13/label_Menu' is clicked on

2022-07-20 09:39:52 - [TEST_STEP][PASSED] - click(findTestObject("Object Repository/An Event Apart/Page_An Event Apart - the premier web  inte_f2ce13/a_Register Now")): Object: 'Object Repository/An Event Apart/Page_An Event Apart - the premier web  inte_f2ce13/a_Register Now' is clicked on

2022-07-20 09:39:56 - [MESSAGE][PASSED] - Object: 'Object Repository/An Event Apart/Page_An Event Apart - the premier web  inte_f2ce13/a_Register Now' is clicked on

2022-07-20 09:39:56 - [TEST_STEP][PASSED] - click(findTestObject("Object Repository/An Event Apart/Page_An Event Apart Store  Registration/a_Spring Summit")): Object: 'Object Repository/An Event Apart/Page_An Event Apart Store  Registration/a_Spring Summit' is clicked on

2022-07-20 09:39:59 - [MESSAGE][PASSED] - Object: 'Object Repository/An Event Apart/Page_An Event Apart Store  Registration/a_Spring Summit' is clicked on

2022-07-20 09:39:59 - [TEST_STEP][PASSED] - verifyTextPresent("Register for An Event Apart", false): Text 'Register for An Event Apart' is present on page 

2022-07-20 09:40:03 - [MESSAGE][PASSED] - Text 'Register for An Event Apart' is present on page 

2022-07-20 09:40:03 - [TEST_STEP][PASSED] - verifyTextPresent(text, false): Text 'On Demand Three-Day Pass' is present on page 

2022-07-20 09:40:06 - [MESSAGE][PASSED] - Text 'On Demand Three-Day Pass' is present on page 

2022-07-20 09:40:06 - [TEST_STEP][PASSED] - verifyTextPresent("$1,050.00", false): Text '$1,050.00' is present on page 

2022-07-20 09:40:10 - [MESSAGE][PASSED] - Text '$1,050.00' is present on page 

2022-07-20 09:40:10 - [TEST_STEP][PASSED] - click(findTestObject("Object Repository/An Event Apart/Page_An Event Apart Store  Register for An _467dfd/a_Buy Now")): Object: 'Object Repository/An Event Apart/Page_An Event Apart Store  Register for An _467dfd/a_Buy Now' is clicked on

2022-07-20 09:40:14 - [MESSAGE][PASSED] - Object: 'Object Repository/An Event Apart/Page_An Event Apart Store  Register for An _467dfd/a_Buy Now' is clicked on

2022-07-20 09:40:14 - [TEST_STEP][PASSED] - setText(findTestObject("Object Repository/An Event Apart/Page_An Event Apart Store  Attendee Information/input_First Name_attendeefirst_name"), "First name"): Text 'First name' is set on object 'Object Repository/An Event Apart/Page_An Event Apart Store  Attendee Information/input_First Name_attendeefirst_name'

2022-07-20 09:40:23 - [MESSAGE][PASSED] - Text 'First name' is set on object 'Object Repository/An Event Apart/Page_An Event Apart Store  Attendee Information/input_First Name_attendeefirst_name'

2022-07-20 09:40:23 - [TEST_STEP][PASSED] - setText(findTestObject("Object Repository/An Event Apart/Page_An Event Apart Store  Attendee Information/input_Last Name_attendeelast_name"), "last name"): Text 'last name' is set on object 'Object Repository/An Event Apart/Page_An Event Apart Store  Attendee Information/input_Last Name_attendeelast_name'

2022-07-20 09:40:30 - [MESSAGE][PASSED] - Text 'last name' is set on object 'Object Repository/An Event Apart/Page_An Event Apart Store  Attendee Information/input_Last Name_attendeelast_name'

2022-07-20 09:40:30 - [TEST_STEP][PASSED] - setText(findTestObject("Object Repository/An Event Apart/Page_An Event Apart Store  Attendee Information/input_Company_attendeecompany"), "company"): Text 'company' is set on object 'Object Repository/An Event Apart/Page_An Event Apart Store  Attendee Information/input_Company_attendeecompany'

2022-07-20 09:40:37 - [MESSAGE][PASSED] - Text 'company' is set on object 'Object Repository/An Event Apart/Page_An Event Apart Store  Attendee Information/input_Company_attendeecompany'

2022-07-20 09:40:37 - [TEST_STEP][PASSED] - setText(findTestObject("Object Repository/An Event Apart/Page_An Event Apart Store  Attendee Information/input_Title_attendeetitle"), "title"): Text 'title' is set on object 'Object Repository/An Event Apart/Page_An Event Apart Store  Attendee Information/input_Title_attendeetitle'

2022-07-20 09:40:44 - [MESSAGE][PASSED] - Text 'title' is set on object 'Object Repository/An Event Apart/Page_An Event Apart Store  Attendee Information/input_Title_attendeetitle'

2022-07-20 09:40:44 - [TEST_STEP][PASSED] - setText(findTestObject("Object Repository/An Event Apart/Page_An Event Apart Store  Attendee Information/input_Address_attendeeaddress"), "address"): Text 'address' is set on object 'Object Repository/An Event Apart/Page_An Event Apart Store  Attendee Information/input_Address_attendeeaddress'

2022-07-20 09:40:50 - [MESSAGE][PASSED] - Text 'address' is set on object 'Object Repository/An Event Apart/Page_An Event Apart Store  Attendee Information/input_Address_attendeeaddress'

2022-07-20 09:40:50 - [TEST_STEP][PASSED] - setText(findTestObject("Object Repository/An Event Apart/Page_An Event Apart Store  Attendee Information/input_Suite_attendeesuite"), "suite"): Text 'suite' is set on object 'Object Repository/An Event Apart/Page_An Event Apart Store  Attendee Information/input_Suite_attendeesuite'

2022-07-20 09:40:58 - [MESSAGE][PASSED] - Text 'suite' is set on object 'Object Repository/An Event Apart/Page_An Event Apart Store  Attendee Information/input_Suite_attendeesuite'

2022-07-20 09:40:58 - [TEST_STEP][PASSED] - setText(findTestObject("Object Repository/An Event Apart/Page_An Event Apart Store  Attendee Information/input_City_attendeecity"), "city"): Text 'city' is set on object 'Object Repository/An Event Apart/Page_An Event Apart Store  Attendee Information/input_City_attendeecity'

2022-07-20 09:41:08 - [MESSAGE][PASSED] - Text 'city' is set on object 'Object Repository/An Event Apart/Page_An Event Apart Store  Attendee Information/input_City_attendeecity'

2022-07-20 09:41:08 - [TEST_STEP][PASSED] - setText(findTestObject("Object Repository/An Event Apart/Page_An Event Apart Store  Attendee Information/input_State_attendeestate"), "state"): Text 'state' is set on object 'Object Repository/An Event Apart/Page_An Event Apart Store  Attendee Information/input_State_attendeestate'

2022-07-20 09:41:15 - [MESSAGE][PASSED] - Text 'state' is set on object 'Object Repository/An Event Apart/Page_An Event Apart Store  Attendee Information/input_State_attendeestate'

2022-07-20 09:41:15 - [TEST_STEP][PASSED] - setText(findTestObject("Object Repository/An Event Apart/Page_An Event Apart Store  Attendee Information/input_Zip_attendeezip"), "11111"): Text '11111' is set on object 'Object Repository/An Event Apart/Page_An Event Apart Store  Attendee Information/input_Zip_attendeezip'

2022-07-20 09:41:23 - [MESSAGE][PASSED] - Text '11111' is set on object 'Object Repository/An Event Apart/Page_An Event Apart Store  Attendee Information/input_Zip_attendeezip'

2022-07-20 09:41:23 - [TEST_STEP][PASSED] - selectOptionByValue(findTestObject("Object Repository/An Event Apart/Page_An Event Apart Store  Attendee Information/select_United StatesCanadaAfghanistanAland _99e1a8"), "Canada", true): All options with value 'Canada' are selected in object 'Object Repository/An Event Apart/Page_An Event Apart Store  Attendee Information/select_United StatesCanadaAfghanistanAland _99e1a8'  using regular expression

2022-07-20 09:45:28 - [MESSAGE][PASSED] - All options with value 'Canada' are selected in object 'Object Repository/An Event Apart/Page_An Event Apart Store  Attendee Information/select_United StatesCanadaAfghanistanAland _99e1a8'  using regular expression

2022-07-20 09:45:28 - [TEST_STEP][PASSED] - setText(findTestObject("Object Repository/An Event Apart/Page_An Event Apart Store  Attendee Information/input_Email_attendeeemail"), "email@gmail.com"): Text 'email@gmail.com' is set on object 'Object Repository/An Event Apart/Page_An Event Apart Store  Attendee Information/input_Email_attendeeemail'

2022-07-20 09:45:38 - [MESSAGE][PASSED] - Text 'email@gmail.com' is set on object 'Object Repository/An Event Apart/Page_An Event Apart Store  Attendee Information/input_Email_attendeeemail'

2022-07-20 09:45:38 - [TEST_STEP][PASSED] - setText(findTestObject("Object Repository/An Event Apart/Page_An Event Apart Store  Attendee Information/input_Phone_attendeephone"), "0123123123"): Text '0123123123' is set on object 'Object Repository/An Event Apart/Page_An Event Apart Store  Attendee Information/input_Phone_attendeephone'

2022-07-20 09:45:45 - [MESSAGE][PASSED] - Text '0123123123' is set on object 'Object Repository/An Event Apart/Page_An Event Apart Store  Attendee Information/input_Phone_attendeephone'

2022-07-20 09:45:45 - [TEST_STEP][PASSED] - selectOptionByValue(findTestObject("Object Repository/An Event Apart/Page_An Event Apart Store  Attendee Information/select_Please selectYesNoDont know"), "2", true): All options with value '2' are selected in object 'Object Repository/An Event Apart/Page_An Event Apart Store  Attendee Information/select_Please selectYesNoDont know'  using regular expression

2022-07-20 09:46:04 - [MESSAGE][PASSED] - All options with value '2' are selected in object 'Object Repository/An Event Apart/Page_An Event Apart Store  Attendee Information/select_Please selectYesNoDont know'  using regular expression

2022-07-20 09:46:04 - [TEST_STEP][PASSED] - click(findTestObject("Object Repository/An Event Apart/Page_An Event Apart Store  Attendee Information/input_Has this person attended one of our p_a67947")): Object: 'Object Repository/An Event Apart/Page_An Event Apart Store  Attendee Information/input_Has this person attended one of our p_a67947' is clicked on

2022-07-20 09:46:08 - [MESSAGE][PASSED] - Object: 'Object Repository/An Event Apart/Page_An Event Apart Store  Attendee Information/input_Has this person attended one of our p_a67947' is clicked on

2022-07-20 09:46:08 - [TEST_STEP][PASSED] - click(findTestObject("An Event Apart/Page_An Event Apart Store  Attendee Information/btn_Add attendee")): Object: 'Object Repository/An Event Apart/Page_An Event Apart Store  Attendee Information/btn_Add attendee' is clicked on

2022-07-20 09:46:11 - [MESSAGE][PASSED] - Object: 'Object Repository/An Event Apart/Page_An Event Apart Store  Attendee Information/btn_Add attendee' is clicked on

2022-07-20 09:46:11 - [TEST_STEP][PASSED] - ticket = getText(findTestObject("Object Repository/An Event Apart/Page_An Event Apart Store  Your An Event Ap_eb3b17/div_On Demand Three-Day Pass")): Text of object 'Object Repository/An Event Apart/Page_An Event Apart Store  Your An Event Ap_eb3b17/div_On Demand Three-Day Pass' is: 'On Demand Three-Day Pass'

2022-07-20 09:46:15 - [MESSAGE][PASSED] - Text of object 'Object Repository/An Event Apart/Page_An Event Apart Store  Your An Event Ap_eb3b17/div_On Demand Three-Day Pass' is: 'On Demand Three-Day Pass'

2022-07-20 09:46:15 - [TEST_STEP][PASSED] - totalcell = getText(findTestObject("An Event Apart/Page_An Event Apart Store  Your An Event Ap_eb3b17/td_Total1,050.00")): Text of object 'Object Repository/An Event Apart/Page_An Event Apart Store  Your An Event Ap_eb3b17/td_Total1,050.00' is: 'TOTAL:$1,050.00'

2022-07-20 09:46:19 - [MESSAGE][PASSED] - Text of object 'Object Repository/An Event Apart/Page_An Event Apart Store  Your An Event Ap_eb3b17/td_Total1,050.00' is: 'TOTAL:$1,050.00'

2022-07-20 09:46:19 - [TEST_STEP][PASSED] - verifyMatch(ticket, "On Demand Three-Day Pass", false): Actual text 'On Demand Three-Day Pass' and expected text 'On Demand Three-Day Pass' are matched 

2022-07-20 09:46:19 - [MESSAGE][PASSED] - Actual text 'On Demand Three-Day Pass' and expected text 'On Demand Three-Day Pass' are matched 

2022-07-20 09:46:19 - [TEST_STEP][PASSED] - verifyMatch(totalcell, "TOTAL:$1,050.00", false): Actual text 'TOTAL:$1,050.00' and expected text 'TOTAL:$1,050.00' are matched 

2022-07-20 09:46:19 - [MESSAGE][PASSED] - Actual text 'TOTAL:$1,050.00' and expected text 'TOTAL:$1,050.00' are matched 

2022-07-20 09:46:19 - [TEST_STEP][PASSED] - Start listener action : sampleAfterTestCase: Browser is closed

2022-07-20 09:46:19 - [TEST_STEP][PASSED] - closeBrowser(): Browser is closed

2022-07-20 09:46:21 - [MESSAGE][PASSED] - Browser is closed

2022-07-20 09:46:24 - [TEST_STEP][PASSED] - Video: Video recording for test case 'Test Cases/An Event Apart Website/AEA02_Register Now' .

2022-07-20 09:46:24 - [MESSAGE][INFO] - Video recording for test case 'Test Cases/An Event Apart Website/AEA02_Register Now' .]]></system-out>
         <system-err><![CDATA[]]></system-err>
      </testcase>
      <system-out><![CDATA[2022-07-20 09:38:27 - [TEST_SUITE][PASSED] - New Test Suite: Test Cases/An Event Apart Website/AEA02_Register Now]]></system-out>
      <system-err><![CDATA[]]></system-err>
   </testsuite>
</testsuites>
